2026-04-14 21:12:50,268 | INFO | tabla_AND=[[0.0, 0.0], [0.0, 1.0], [1.0, 0.0], [1.0, 1.0]]
2026-04-14 21:12:50,269 | INFO | salidas=[0, 0, 0, 1]
2026-04-14 21:12:50,269 | INFO | log_file=C:\Users\fserrano\Desktop\Fernando Serrano\Universidad\Redes Neuronales\semana_03\log\adaline_and_20260414_211250.log
2026-04-14 21:12:50,278 | INFO | pesos_iniciales=[0.15236, -0.51999] bias_inicial=0.375226
2026-04-14 21:12:50,278 | INFO | epoch=001 mse=0.356243 weights=[0.16398, -0.49156] bias=0.381085
2026-04-14 21:12:50,278 | INFO | epoch=002 mse=0.337596 weights=[0.17402, -0.46514] bias=0.384355
2026-04-14 21:12:50,285 | INFO | epoch=003 mse=0.322065 weights=[0.18272, -0.44045] bias=0.385476
2026-04-14 21:12:50,286 | INFO | epoch=004 mse=0.308821 weights=[0.19033, -0.41727] bias=0.384815
2026-04-14 21:12:50,286 | INFO | epoch=005 mse=0.297276 weights=[0.197, -0.3954] bias=0.382680
2026-04-14 21:12:50,286 | INFO | epoch=006 mse=0.287010 weights=[0.2029, -0.37469] bias=0.379332
2026-04-14 21:12:50,287 | INFO | epoch=007 mse=0.277726 weights=[0.20816, -0.355] bias=0.374989
2026-04-14 21:12:50,287 | INFO | epoch=008 mse=0.269208 weights=[0.21288, -0.3362] bias=0.369832
2026-04-14 21:12:50,287 | INFO | epoch=009 mse=0.261302 weights=[0.21714, -0.3182] bias=0.364015
2026-04-14 21:12:50,287 | INFO | epoch=010 mse=0.253897 weights=[0.22104, -0.30092] bias=0.357667
2026-04-14 21:12:50,287 | INFO | epoch=011 mse=0.246911 weights=[0.22463, -0.28429] bias=0.350894
2026-04-14 21:12:50,287 | INFO | epoch=012 mse=0.240284 weights=[0.22796, -0.26823] bias=0.343787
2026-04-14 21:12:50,288 | INFO | epoch=013 mse=0.233971 weights=[0.23108, -0.25271] bias=0.336422
2026-04-14 21:12:50,288 | INFO | epoch=014 mse=0.227939 weights=[0.23402, -0.23767] bias=0.328862
2026-04-14 21:12:50,288 | INFO | epoch=015 mse=0.222161 weights=[0.23682, -0.22308] bias=0.321158
2026-04-14 21:12:50,288 | INFO | epoch=016 mse=0.216616 weights=[0.2395, -0.20891] bias=0.313355
2026-04-14 21:12:50,288 | INFO | epoch=017 mse=0.211288 weights=[0.24208, -0.19512] bias=0.305490
2026-04-14 21:12:50,289 | INFO | epoch=018 mse=0.206164 weights=[0.24458, -0.18169] bias=0.297593
2026-04-14 21:12:50,289 | INFO | epoch=019 mse=0.201232 weights=[0.24701, -0.1686] bias=0.289689
2026-04-14 21:12:50,289 | INFO | epoch=020 mse=0.196481 weights=[0.24939, -0.15583] bias=0.281800
2026-04-14 21:12:50,289 | INFO | epoch=021 mse=0.191904 weights=[0.25173, -0.14336] bias=0.273942
2026-04-14 21:12:50,289 | INFO | epoch=022 mse=0.187491 weights=[0.25403, -0.13118] bias=0.266129
2026-04-14 21:12:50,290 | INFO | epoch=023 mse=0.183238 weights=[0.2563, -0.11928] bias=0.258374
2026-04-14 21:12:50,290 | INFO | epoch=024 mse=0.179136 weights=[0.25855, -0.10764] bias=0.250686
2026-04-14 21:12:50,290 | INFO | epoch=025 mse=0.175179 weights=[0.26078, -0.09626] bias=0.243072
2026-04-14 21:12:50,290 | INFO | epoch=026 mse=0.171363 weights=[0.26299, -0.08512] bias=0.235539
2026-04-14 21:12:50,291 | INFO | epoch=027 mse=0.167681 weights=[0.26519, -0.07421] bias=0.228091
2026-04-14 21:12:50,291 | INFO | epoch=028 mse=0.164128 weights=[0.26738, -0.06354] bias=0.220733
2026-04-14 21:12:50,291 | INFO | epoch=029 mse=0.160700 weights=[0.26957, -0.05308] bias=0.213468
2026-04-14 21:12:50,292 | INFO | epoch=030 mse=0.157392 weights=[0.27174, -0.04284] bias=0.206297
2026-04-14 21:12:50,293 | INFO | epoch=031 mse=0.154200 weights=[0.27391, -0.03281] bias=0.199222
2026-04-14 21:12:50,293 | INFO | epoch=032 mse=0.151118 weights=[0.27607, -0.02298] bias=0.192245
2026-04-14 21:12:50,293 | INFO | epoch=033 mse=0.148144 weights=[0.27823, -0.01334] bias=0.185365
2026-04-14 21:12:50,294 | INFO | epoch=034 mse=0.145273 weights=[0.28039, -0.0039] bias=0.178584
2026-04-14 21:12:50,294 | INFO | epoch=035 mse=0.142502 weights=[0.28254, 0.00536] bias=0.171901
2026-04-14 21:12:50,294 | INFO | epoch=036 mse=0.139826 weights=[0.28468, 0.01443] bias=0.165316
2026-04-14 21:12:50,295 | INFO | epoch=037 mse=0.137243 weights=[0.28682, 0.02333] bias=0.158829
2026-04-14 21:12:50,295 | INFO | epoch=038 mse=0.134749 weights=[0.28895, 0.03205] bias=0.152439
2026-04-14 21:12:50,295 | INFO | epoch=039 mse=0.132341 weights=[0.29108, 0.0406] bias=0.146145
2026-04-14 21:12:50,295 | INFO | epoch=040 mse=0.130016 weights=[0.29321, 0.04899] bias=0.139946
2026-04-14 21:12:50,296 | INFO | epoch=041 mse=0.127770 weights=[0.29532, 0.05721] bias=0.133842
2026-04-14 21:12:50,296 | INFO | epoch=042 mse=0.125602 weights=[0.29744, 0.06527] bias=0.127831
2026-04-14 21:12:50,297 | INFO | epoch=043 mse=0.123508 weights=[0.29954, 0.07318] bias=0.121913
2026-04-14 21:12:50,297 | INFO | epoch=044 mse=0.121485 weights=[0.30164, 0.08094] bias=0.116085
2026-04-14 21:12:50,298 | INFO | epoch=045 mse=0.119532 weights=[0.30373, 0.08855] bias=0.110348
2026-04-14 21:12:50,298 | INFO | epoch=046 mse=0.117645 weights=[0.30581, 0.09601] bias=0.104699
2026-04-14 21:12:50,298 | INFO | epoch=047 mse=0.115822 weights=[0.30788, 0.10333] bias=0.099138
2026-04-14 21:12:50,299 | INFO | epoch=048 mse=0.114061 weights=[0.30995, 0.11051] bias=0.093664
2026-04-14 21:12:50,299 | INFO | epoch=049 mse=0.112360 weights=[0.31201, 0.11755] bias=0.088274
2026-04-14 21:12:50,299 | INFO | epoch=050 mse=0.110717 weights=[0.31405, 0.12446] bias=0.082969
2026-04-14 21:12:50,299 | INFO | epoch=051 mse=0.109129 weights=[0.31609, 0.13124] bias=0.077747
2026-04-14 21:12:50,300 | INFO | epoch=052 mse=0.107595 weights=[0.31812, 0.13789] bias=0.072605
2026-04-14 21:12:50,300 | INFO | epoch=053 mse=0.106113 weights=[0.32014, 0.14441] bias=0.067545
2026-04-14 21:12:50,301 | INFO | epoch=054 mse=0.104681 weights=[0.32214, 0.15081] bias=0.062563
2026-04-14 21:12:50,302 | INFO | epoch=055 mse=0.103297 weights=[0.32414, 0.15708] bias=0.057659
2026-04-14 21:12:50,303 | INFO | epoch=056 mse=0.101960 weights=[0.32612, 0.16324] bias=0.052832
2026-04-14 21:12:50,304 | INFO | epoch=057 mse=0.100667 weights=[0.32809, 0.16929] bias=0.048081
2026-04-14 21:12:50,304 | INFO | epoch=058 mse=0.099418 weights=[0.33005, 0.17522] bias=0.043404
2026-04-14 21:12:50,304 | INFO | epoch=059 mse=0.098211 weights=[0.332, 0.18103] bias=0.038800
2026-04-14 21:12:50,305 | INFO | epoch=060 mse=0.097045 weights=[0.33393, 0.18674] bias=0.034269
2026-04-14 21:12:50,305 | INFO | epoch=061 mse=0.095917 weights=[0.33585, 0.19234] bias=0.029808
2026-04-14 21:12:50,305 | INFO | epoch=062 mse=0.094827 weights=[0.33776, 0.19784] bias=0.025418
2026-04-14 21:12:50,306 | INFO | epoch=063 mse=0.093773 weights=[0.33966, 0.20323] bias=0.021096
2026-04-14 21:12:50,306 | INFO | epoch=064 mse=0.092755 weights=[0.34154, 0.20853] bias=0.016842
2026-04-14 21:12:50,306 | INFO | epoch=065 mse=0.091770 weights=[0.34341, 0.21372] bias=0.012654
2026-04-14 21:12:50,306 | INFO | epoch=066 mse=0.090819 weights=[0.34526, 0.21881] bias=0.008533
2026-04-14 21:12:50,307 | INFO | epoch=067 mse=0.089898 weights=[0.3471, 0.22382] bias=0.004476
2026-04-14 21:12:50,307 | INFO | epoch=068 mse=0.089009 weights=[0.34893, 0.22872] bias=0.000483
2026-04-14 21:12:50,308 | INFO | epoch=069 mse=0.088149 weights=[0.35074, 0.23354] bias=-0.003448
2026-04-14 21:12:50,308 | INFO | epoch=070 mse=0.087317 weights=[0.35253, 0.23827] bias=-0.007317
2026-04-14 21:12:50,308 | INFO | epoch=071 mse=0.086513 weights=[0.35432, 0.24291] bias=-0.011126
2026-04-14 21:12:50,309 | INFO | epoch=072 mse=0.085735 weights=[0.35608, 0.24746] bias=-0.014874
2026-04-14 21:12:50,309 | INFO | epoch=073 mse=0.084984 weights=[0.35784, 0.25193] bias=-0.018564
2026-04-14 21:12:50,309 | INFO | epoch=074 mse=0.084257 weights=[0.35958, 0.25631] bias=-0.022196
2026-04-14 21:12:50,309 | INFO | epoch=075 mse=0.083553 weights=[0.3613, 0.26062] bias=-0.025771
2026-04-14 21:12:50,310 | INFO | epoch=076 mse=0.082874 weights=[0.36301, 0.26484] bias=-0.029289
2026-04-14 21:12:50,314 | INFO | epoch=077 mse=0.082216 weights=[0.3647, 0.26899] bias=-0.032753
2026-04-14 21:12:50,315 | INFO | epoch=078 mse=0.081580 weights=[0.36638, 0.27306] bias=-0.036162
2026-04-14 21:12:50,315 | INFO | epoch=079 mse=0.080965 weights=[0.36804, 0.27706] bias=-0.039518
2026-04-14 21:12:50,315 | INFO | epoch=080 mse=0.080370 weights=[0.36969, 0.28098] bias=-0.042821
2026-04-14 21:12:50,316 | INFO | epoch=081 mse=0.079795 weights=[0.37132, 0.28483] bias=-0.046072
2026-04-14 21:12:50,316 | INFO | epoch=082 mse=0.079238 weights=[0.37294, 0.28861] bias=-0.049272
2026-04-14 21:12:50,316 | INFO | epoch=083 mse=0.078700 weights=[0.37454, 0.29232] bias=-0.052422
2026-04-14 21:12:50,317 | INFO | epoch=084 mse=0.078179 weights=[0.37612, 0.29596] bias=-0.055523
2026-04-14 21:12:50,317 | INFO | epoch=085 mse=0.077676 weights=[0.3777, 0.29953] bias=-0.058575
2026-04-14 21:12:50,317 | INFO | epoch=086 mse=0.077189 weights=[0.37925, 0.30304] bias=-0.061579
2026-04-14 21:12:50,317 | INFO | epoch=087 mse=0.076717 weights=[0.38079, 0.30649] bias=-0.064536
2026-04-14 21:12:50,318 | INFO | epoch=088 mse=0.076261 weights=[0.38232, 0.30987] bias=-0.067446
2026-04-14 21:12:50,318 | INFO | epoch=089 mse=0.075820 weights=[0.38383, 0.31319] bias=-0.070311
2026-04-14 21:12:50,318 | INFO | epoch=090 mse=0.075393 weights=[0.38532, 0.31645] bias=-0.073131
2026-04-14 21:12:50,319 | INFO | epoch=091 mse=0.074981 weights=[0.3868, 0.31965] bias=-0.075907
2026-04-14 21:12:50,319 | INFO | epoch=092 mse=0.074581 weights=[0.38826, 0.3228] bias=-0.078639
2026-04-14 21:12:50,320 | INFO | epoch=093 mse=0.074195 weights=[0.38971, 0.32588] bias=-0.081328
2026-04-14 21:12:50,320 | INFO | epoch=094 mse=0.073821 weights=[0.39115, 0.32891] bias=-0.083975
2026-04-14 21:12:50,321 | INFO | epoch=095 mse=0.073459 weights=[0.39256, 0.33189] bias=-0.086580
2026-04-14 21:12:50,321 | INFO | epoch=096 mse=0.073109 weights=[0.39397, 0.33481] bias=-0.089145
2026-04-14 21:12:50,321 | INFO | epoch=097 mse=0.072770 weights=[0.39536, 0.33767] bias=-0.091669
2026-04-14 21:12:50,322 | INFO | epoch=098 mse=0.072442 weights=[0.39673, 0.34049] bias=-0.094154
2026-04-14 21:12:50,322 | INFO | epoch=099 mse=0.072125 weights=[0.39809, 0.34326] bias=-0.096599
2026-04-14 21:12:50,323 | INFO | epoch=100 mse=0.071818 weights=[0.39943, 0.34597] bias=-0.099007
2026-04-14 21:12:50,323 | INFO | pesos_finales=[0.39943, 0.34597] bias_final=-0.099007
2026-04-14 21:12:50,323 | INFO | predicciones=[0, 0, 0, 1]
2026-04-14 21:12:50,323 | INFO | accuracy=100.00%
